<?xml version="1.0" encoding="UTF-8"?>
<!-- Generated by org.testng.reporters.JUnitXMLReporter -->
<testsuite ignored="4" hostname="SarthakDell" failures="0" tests="7" name="Default test" time="47.19" errors="0" timestamp="2023-09-15T01:15:21 GMT-04:00">
  <testcase classname="com.qa.tutorialsninja.TestCases.LoginTest" name="verifyLoginWithValidCredentials" time="0.988"/>
  <testcase classname="com.qa.tutorialsninja.TestCases.LoginTest" name="verifyLoginWithValidCredentials" time="0.908"/>
  <testcase classname="com.qa.tutorialsninja.TestCases.LoginTest" name="verifyLoginWithValidCredentials" time="0.947"/>
  <testcase classname="com.qa.tutorialsninja.TestCases.LoginTest" name="verifyLoginWithValidCredentials" time="0.997"/>
  <testcase classname="com.qa.tutorialsninja.TestCases.LoginTest" name="verifyLoginWithValidCredentials" time="0.803"/>
  <testcase classname="com.qa.tutorialsninja.TestCases.LoginTest" name="verifyLoginWithValidCredentials" time="0.987"/>
  <testcase classname="com.qa.tutorialsninja.TestCases.LoginTest" name="verifyLoginWithValidCredentials" time="0.957"/>
  <testcase classname="com.qa.tutorialsninja.TestCases.LoginTest" name="verifyLoginWithNoCredentials" time="0.0">
    <ignored/>
  </testcase> <!-- verifyLoginWithNoCredentials -->
  <testcase classname="com.qa.tutorialsninja.TestCases.LoginTest" name="verifyLoginWithInvalidCredentials" time="0.0">
    <ignored/>
  </testcase> <!-- verifyLoginWithInvalidCredentials -->
  <testcase classname="com.qa.tutorialsninja.TestCases.LoginTest" name="verifyLoginWithInvalidEmailValidPassword" time="0.0">
    <ignored/>
  </testcase> <!-- verifyLoginWithInvalidEmailValidPassword -->
  <testcase classname="com.qa.tutorialsninja.TestCases.LoginTest" name="verifyLoginWithValidEmailInvalidPassword" time="0.0">
    <ignored/>
  </testcase> <!-- verifyLoginWithValidEmailInvalidPassword -->
</testsuite> <!-- Default test -->
