<?xml version="1.0" encoding="UTF-8"?>
<!-- Generated by org.testng.reporters.JUnitXMLReporter -->
<testsuite ignored="0" hostname="SarthakDell" failures="0" tests="18" name="Test" time="111.257" errors="0" timestamp="2023-09-15T01:09:48 GMT-04:00">
  <testcase classname="com.qa.tutorialsninja.TestCases.LoginTest" name="verifyLoginWithValidCredentials" time="0.979"/>
  <testcase classname="com.qa.tutorialsninja.TestCases.LoginTest" name="verifyLoginWithValidCredentials" time="0.935"/>
  <testcase classname="com.qa.tutorialsninja.TestCases.LoginTest" name="verifyLoginWithValidCredentials" time="0.934"/>
  <testcase classname="com.qa.tutorialsninja.TestCases.LoginTest" name="verifyLoginWithValidCredentials" time="1.022"/>
  <testcase classname="com.qa.tutorialsninja.TestCases.LoginTest" name="verifyLoginWithValidCredentials" time="0.919"/>
  <testcase classname="com.qa.tutorialsninja.TestCases.LoginTest" name="verifyLoginWithValidCredentials" time="0.858"/>
  <testcase classname="com.qa.tutorialsninja.TestCases.LoginTest" name="verifyLoginWithValidCredentials" time="0.916"/>
  <testcase classname="com.qa.tutorialsninja.TestCases.LoginTest" name="verifyLoginWithValidEmailInvalidPassword" time="0.573"/>
  <testcase classname="com.qa.tutorialsninja.TestCases.LoginTest" name="verifyLoginWithInvalidEmailValidPassword" time="0.62"/>
  <testcase classname="com.qa.tutorialsninja.TestCases.LoginTest" name="verifyLoginWithInvalidCredentials" time="0.671"/>
  <testcase classname="com.qa.tutorialsninja.TestCases.LoginTest" name="verifyLoginWithNoCredentials" time="0.511"/>
  <testcase classname="com.qa.tutorialsninja.TestCases.RegisterTest" name="verifyRegisterWithMandatoryDetails" time="1.164"/>
  <testcase classname="com.qa.tutorialsninja.TestCases.RegisterTest" name="verifyRegisterWithAllDetails" time="1.067"/>
  <testcase classname="com.qa.tutorialsninja.TestCases.RegisterTest" name="verifyRegisterWithExistingEmail" time="0.73"/>
  <testcase classname="com.qa.tutorialsninja.TestCases.RegisterTest" name="verifyRegisterWithNoDetails" time="0.562"/>
  <testcase classname="com.qa.tutorialsninja.TestCases.SearchProductTest" name="verifySearchWithValidProduct" time="0.938"/>
  <testcase classname="com.qa.tutorialsninja.TestCases.SearchProductTest" name="verifySearchWithInvalidProduct" time="0.76"/>
  <testcase classname="com.qa.tutorialsninja.TestCases.SearchProductTest" name="verifySearchWithNoProduct" time="0.791"/>
</testsuite> <!-- Test -->
