<?xml version="1.0" encoding="UTF-8"?>
<testng-results ignored="0" total="7" passed="7" failed="0" skipped="0">
  <reporter-output>
  </reporter-output>
  <suite started-at="2023-09-15T01:14:34 GMT-04:00" name="Default suite" finished-at="2023-09-15T01:15:21 GMT-04:00" duration-ms="47190">
    <groups>
    </groups>
    <test started-at="2023-09-15T01:14:34 GMT-04:00" name="Default test" finished-at="2023-09-15T01:15:21 GMT-04:00" duration-ms="47190">
      <class name="com.qa.tutorialsninja.TestCases.LoginTest">
        <test-method is-config="true" signature="loginSetup()[pri:0, instance:com.qa.tutorialsninja.TestCases.LoginTest@2e8c1c9b]" started-at="2023-09-15T01:14:35 GMT-04:00" name="loginSetup" finished-at="2023-09-15T01:14:41 GMT-04:00" duration-ms="6662" status="PASS">
          <reporter-output>
          </reporter-output>
        </test-method> <!-- loginSetup -->
        <test-method signature="verifyLoginWithValidCredentials(java.lang.String,java.lang.String)[pri:1, instance:com.qa.tutorialsninja.TestCases.LoginTest@2e8c1c9b]" started-at="2023-09-15T01:14:41 GMT-04:00" name="verifyLoginWithValidCredentials" data-provider="TN" finished-at="2023-09-15T01:14:42 GMT-04:00" duration-ms="988" status="PASS">
          <params>
            <param index="0">
              <value>
                <![CDATA[seleniumpanda@gmail.com]]>
              </value>
            </param>
            <param index="1">
              <value>
                <![CDATA[Selenium@123]]>
              </value>
            </param>
          </params>
          <reporter-output>
          </reporter-output>
        </test-method> <!-- verifyLoginWithValidCredentials -->
        <test-method is-config="true" signature="tearDown()[pri:0, instance:com.qa.tutorialsninja.TestCases.LoginTest@2e8c1c9b]" started-at="2023-09-15T01:14:42 GMT-04:00" name="tearDown" finished-at="2023-09-15T01:14:42 GMT-04:00" duration-ms="100" status="PASS">
          <reporter-output>
          </reporter-output>
        </test-method> <!-- tearDown -->
        <test-method is-config="true" signature="loginSetup()[pri:0, instance:com.qa.tutorialsninja.TestCases.LoginTest@2e8c1c9b]" started-at="2023-09-15T01:14:42 GMT-04:00" name="loginSetup" finished-at="2023-09-15T01:14:48 GMT-04:00" duration-ms="5287" status="PASS">
          <reporter-output>
          </reporter-output>
        </test-method> <!-- loginSetup -->
        <test-method signature="verifyLoginWithValidCredentials(java.lang.String,java.lang.String)[pri:1, instance:com.qa.tutorialsninja.TestCases.LoginTest@2e8c1c9b]" started-at="2023-09-15T01:14:48 GMT-04:00" name="verifyLoginWithValidCredentials" data-provider="TN" finished-at="2023-09-15T01:14:49 GMT-04:00" duration-ms="908" status="PASS">
          <params>
            <param index="0">
              <value>
                <![CDATA[seleniumpanda1@gmail.com]]>
              </value>
            </param>
            <param index="1">
              <value>
                <![CDATA[Selenium@123]]>
              </value>
            </param>
          </params>
          <reporter-output>
          </reporter-output>
        </test-method> <!-- verifyLoginWithValidCredentials -->
        <test-method is-config="true" signature="tearDown()[pri:0, instance:com.qa.tutorialsninja.TestCases.LoginTest@2e8c1c9b]" started-at="2023-09-15T01:14:49 GMT-04:00" name="tearDown" finished-at="2023-09-15T01:14:49 GMT-04:00" duration-ms="79" status="PASS">
          <reporter-output>
          </reporter-output>
        </test-method> <!-- tearDown -->
        <test-method is-config="true" signature="loginSetup()[pri:0, instance:com.qa.tutorialsninja.TestCases.LoginTest@2e8c1c9b]" started-at="2023-09-15T01:14:49 GMT-04:00" name="loginSetup" finished-at="2023-09-15T01:14:54 GMT-04:00" duration-ms="5246" status="PASS">
          <reporter-output>
          </reporter-output>
        </test-method> <!-- loginSetup -->
        <test-method signature="verifyLoginWithValidCredentials(java.lang.String,java.lang.String)[pri:1, instance:com.qa.tutorialsninja.TestCases.LoginTest@2e8c1c9b]" started-at="2023-09-15T01:14:54 GMT-04:00" name="verifyLoginWithValidCredentials" data-provider="TN" finished-at="2023-09-15T01:14:55 GMT-04:00" duration-ms="947" status="PASS">
          <params>
            <param index="0">
              <value>
                <![CDATA[seleniumpanda2@gmail.com]]>
              </value>
            </param>
            <param index="1">
              <value>
                <![CDATA[Selenium@123]]>
              </value>
            </param>
          </params>
          <reporter-output>
          </reporter-output>
        </test-method> <!-- verifyLoginWithValidCredentials -->
        <test-method is-config="true" signature="tearDown()[pri:0, instance:com.qa.tutorialsninja.TestCases.LoginTest@2e8c1c9b]" started-at="2023-09-15T01:14:55 GMT-04:00" name="tearDown" finished-at="2023-09-15T01:14:55 GMT-04:00" duration-ms="118" status="PASS">
          <reporter-output>
          </reporter-output>
        </test-method> <!-- tearDown -->
        <test-method is-config="true" signature="loginSetup()[pri:0, instance:com.qa.tutorialsninja.TestCases.LoginTest@2e8c1c9b]" started-at="2023-09-15T01:14:55 GMT-04:00" name="loginSetup" finished-at="2023-09-15T01:15:01 GMT-04:00" duration-ms="5895" status="PASS">
          <reporter-output>
          </reporter-output>
        </test-method> <!-- loginSetup -->
        <test-method signature="verifyLoginWithValidCredentials(java.lang.String,java.lang.String)[pri:1, instance:com.qa.tutorialsninja.TestCases.LoginTest@2e8c1c9b]" started-at="2023-09-15T01:15:01 GMT-04:00" name="verifyLoginWithValidCredentials" data-provider="TN" finished-at="2023-09-15T01:15:02 GMT-04:00" duration-ms="997" status="PASS">
          <params>
            <param index="0">
              <value>
                <![CDATA[seleniumpanda3@gmail.com]]>
              </value>
            </param>
            <param index="1">
              <value>
                <![CDATA[Selenium@123]]>
              </value>
            </param>
          </params>
          <reporter-output>
          </reporter-output>
        </test-method> <!-- verifyLoginWithValidCredentials -->
        <test-method is-config="true" signature="tearDown()[pri:0, instance:com.qa.tutorialsninja.TestCases.LoginTest@2e8c1c9b]" started-at="2023-09-15T01:15:02 GMT-04:00" name="tearDown" finished-at="2023-09-15T01:15:02 GMT-04:00" duration-ms="83" status="PASS">
          <reporter-output>
          </reporter-output>
        </test-method> <!-- tearDown -->
        <test-method is-config="true" signature="loginSetup()[pri:0, instance:com.qa.tutorialsninja.TestCases.LoginTest@2e8c1c9b]" started-at="2023-09-15T01:15:02 GMT-04:00" name="loginSetup" finished-at="2023-09-15T01:15:07 GMT-04:00" duration-ms="4748" status="PASS">
          <reporter-output>
          </reporter-output>
        </test-method> <!-- loginSetup -->
        <test-method signature="verifyLoginWithValidCredentials(java.lang.String,java.lang.String)[pri:1, instance:com.qa.tutorialsninja.TestCases.LoginTest@2e8c1c9b]" started-at="2023-09-15T01:15:07 GMT-04:00" name="verifyLoginWithValidCredentials" data-provider="TN" finished-at="2023-09-15T01:15:07 GMT-04:00" duration-ms="803" status="PASS">
          <params>
            <param index="0">
              <value>
                <![CDATA[seleniumpanda4@gmail.com]]>
              </value>
            </param>
            <param index="1">
              <value>
                <![CDATA[Selenium@123]]>
              </value>
            </param>
          </params>
          <reporter-output>
          </reporter-output>
        </test-method> <!-- verifyLoginWithValidCredentials -->
        <test-method is-config="true" signature="tearDown()[pri:0, instance:com.qa.tutorialsninja.TestCases.LoginTest@2e8c1c9b]" started-at="2023-09-15T01:15:07 GMT-04:00" name="tearDown" finished-at="2023-09-15T01:15:08 GMT-04:00" duration-ms="88" status="PASS">
          <reporter-output>
          </reporter-output>
        </test-method> <!-- tearDown -->
        <test-method is-config="true" signature="loginSetup()[pri:0, instance:com.qa.tutorialsninja.TestCases.LoginTest@2e8c1c9b]" started-at="2023-09-15T01:15:08 GMT-04:00" name="loginSetup" finished-at="2023-09-15T01:15:13 GMT-04:00" duration-ms="5641" status="PASS">
          <reporter-output>
          </reporter-output>
        </test-method> <!-- loginSetup -->
        <test-method signature="verifyLoginWithValidCredentials(java.lang.String,java.lang.String)[pri:1, instance:com.qa.tutorialsninja.TestCases.LoginTest@2e8c1c9b]" started-at="2023-09-15T01:15:13 GMT-04:00" name="verifyLoginWithValidCredentials" data-provider="TN" finished-at="2023-09-15T01:15:14 GMT-04:00" duration-ms="987" status="PASS">
          <params>
            <param index="0">
              <value>
                <![CDATA[seleniumpanda5@gmail.com]]>
              </value>
            </param>
            <param index="1">
              <value>
                <![CDATA[Selenium@123]]>
              </value>
            </param>
          </params>
          <reporter-output>
          </reporter-output>
        </test-method> <!-- verifyLoginWithValidCredentials -->
        <test-method is-config="true" signature="tearDown()[pri:0, instance:com.qa.tutorialsninja.TestCases.LoginTest@2e8c1c9b]" started-at="2023-09-15T01:15:14 GMT-04:00" name="tearDown" finished-at="2023-09-15T01:15:14 GMT-04:00" duration-ms="90" status="PASS">
          <reporter-output>
          </reporter-output>
        </test-method> <!-- tearDown -->
        <test-method is-config="true" signature="loginSetup()[pri:0, instance:com.qa.tutorialsninja.TestCases.LoginTest@2e8c1c9b]" started-at="2023-09-15T01:15:14 GMT-04:00" name="loginSetup" finished-at="2023-09-15T01:15:20 GMT-04:00" duration-ms="6067" status="PASS">
          <reporter-output>
          </reporter-output>
        </test-method> <!-- loginSetup -->
        <test-method signature="verifyLoginWithValidCredentials(java.lang.String,java.lang.String)[pri:1, instance:com.qa.tutorialsninja.TestCases.LoginTest@2e8c1c9b]" started-at="2023-09-15T01:15:20 GMT-04:00" name="verifyLoginWithValidCredentials" data-provider="TN" finished-at="2023-09-15T01:15:21 GMT-04:00" duration-ms="957" status="PASS">
          <params>
            <param index="0">
              <value>
                <![CDATA[seleniumpanda6@gmail.com]]>
              </value>
            </param>
            <param index="1">
              <value>
                <![CDATA[Selenium@123]]>
              </value>
            </param>
          </params>
          <reporter-output>
          </reporter-output>
        </test-method> <!-- verifyLoginWithValidCredentials -->
        <test-method is-config="true" signature="tearDown()[pri:0, instance:com.qa.tutorialsninja.TestCases.LoginTest@2e8c1c9b]" started-at="2023-09-15T01:15:21 GMT-04:00" name="tearDown" finished-at="2023-09-15T01:15:21 GMT-04:00" duration-ms="65" status="PASS">
          <reporter-output>
          </reporter-output>
        </test-method> <!-- tearDown -->
      </class> <!-- com.qa.tutorialsninja.TestCases.LoginTest -->
    </test> <!-- Default test -->
  </suite> <!-- Default suite -->
</testng-results>
